C51 COMPILER V9.60.0.0   KEY                                                               05/13/2024 20:41:48 PAGE 1   


C51 COMPILER V9.60.0.0, COMPILATION OF MODULE KEY
OBJECT MODULE PLACED IN .\Objects\key.obj
COMPILER INVOKED BY: C:\Keil_v5\C51\BIN\C51.EXE key.c OPTIMIZE(8,SPEED) BROWSE DEBUG OBJECTEXTEND PRINT(.\Listings\key.l
                    -st) TABS(2) OBJECT(.\Objects\key.obj)

line level    source

   1          #include "key.h"
   2          #include "public.h"
   3           
   4          
   5          unsigned char key_scan()
   6          {
   7   1        static u8 key=1;
   8   1       
   9   1      //  if(mode)key=1;//
  10   1        if(key==1&&(KEY1==0||KEY2==0||KEY3==0||KEY4==0))//
  11   1        {
  12   2          Delay(10);//
  13   2          key=0;
  14   2          if(KEY1==0)
  15   2            return KEY1_PRESS;
  16   2          else if(KEY2==0)
  17   2            return KEY2_PRESS;
  18   2          else if(KEY3==0)
  19   2            return KEY3_PRESS;
  20   2          else if(KEY4==0)
  21   2            return KEY4_PRESS;  
  22   2        }
  23   1        else if(KEY1==1&&KEY2==1&&KEY3==1&&KEY4==1) //
  24   1        {
  25   2          key=1;      
  26   2        }
  27   1        return KEY_UNPRESS;   
  28   1      }


MODULE INFORMATION:   STATIC OVERLAYABLE
   CODE SIZE        =     70    ----
   CONSTANT SIZE    =   ----    ----
   XDATA SIZE       =   ----    ----
   PDATA SIZE       =   ----    ----
   DATA SIZE        =      1    ----
   IDATA SIZE       =   ----    ----
   BIT SIZE         =   ----    ----
END OF MODULE INFORMATION.


C51 COMPILATION COMPLETE.  0 WARNING(S),  0 ERROR(S)
