C51 COMPILER V9.60.0.0   MAIN                                                              05/13/2024 20:41:48 PAGE 1   


C51 COMPILER V9.60.0.0, COMPILATION OF MODULE MAIN
OBJECT MODULE PLACED IN .\Objects\main.obj
COMPILER INVOKED BY: C:\Keil_v5\C51\BIN\C51.EXE main.c OPTIMIZE(8,SPEED) BROWSE DEBUG OBJECTEXTEND PRINT(.\Listings\main
                    -.lst) TABS(2) OBJECT(.\Objects\main.obj)

line level    source

   1          #include "reg51.h"
   2          #include "public.h"
   3          #include "stepmotor.h"
   4          #include "key.h"
   5           
   6           
   7          #define SPEEDMAX 1//max speed
   8          #define SPEEDMIN 5//min speed
   9           
  10           
  11          //**********************def of sign
  12          int stepmove=0;//0 for stop,1 for begin
  13          void main()
  14          { 
  15   1        u8 key=0;
  16   1        u8 dir=0;
  17   1        u8 step=0;
  18   1        u8 speed=SPEEDMAX;  
  19   1       
  20   1        while(1)
  21   1        {   
  22   2            key=key_scan(); //get key_state
  23   2      
  24   2            if(key==KEY1_PRESS)//start or stop
  25   2            {
  26   3              stepmove=!stepmove;
  27   3            }       
  28   2          
  29   2            if(stepmove==1) //start
  30   2            {
  31   3              step_28byj48_control(step++,dir);
  32   3              if(step==8) step=0;
  33   3              Delay(speed);
  34   3            }
  35   2            
  36   2            if(key==KEY4_PRESS)//turn + to -
  37   2            {
  38   3              dir=!dir;     
  39   3            } 
  40   2            else if (key==KEY2_PRESS)//speed up
  41   2            {
  42   3              if(speed>SPEEDMAX)
  43   3                speed-=1;
  44   3              
  45   3            }
  46   2            else if (key==KEY3_PRESS)//speed down
  47   2            {
  48   3              if(speed<SPEEDMIN) 
  49   3                speed+=1; 
  50   3            }
  51   2            Delay(SPEEDMAX);  
  52   2        } //while
  53   1      }//main

C51 COMPILER V9.60.0.0   MAIN                                                              05/13/2024 20:41:48 PAGE 2   


MODULE INFORMATION:   STATIC OVERLAYABLE
   CODE SIZE        =    142    ----
   CONSTANT SIZE    =   ----    ----
   XDATA SIZE       =   ----    ----
   PDATA SIZE       =   ----    ----
   DATA SIZE        =      2       4
   IDATA SIZE       =   ----    ----
   BIT SIZE         =   ----    ----
END OF MODULE INFORMATION.


C51 COMPILATION COMPLETE.  0 WARNING(S),  0 ERROR(S)
