C51 COMPILER V9.60.0.0   STEPMOTOR                                                         05/13/2024 20:41:48 PAGE 1   


C51 COMPILER V9.60.0.0, COMPILATION OF MODULE STEPMOTOR
OBJECT MODULE PLACED IN .\Objects\stepmotor.obj
COMPILER INVOKED BY: C:\Keil_v5\C51\BIN\C51.EXE stepmotor.c OPTIMIZE(8,SPEED) BROWSE DEBUG OBJECTEXTEND PRINT(.\Listings
                    -\stepmotor.lst) TABS(2) OBJECT(.\Objects\stepmotor.obj)

line level    source

   1          #include "stepmotor.h"
   2          
   3          void step_28byj48_control(u8 step,u8 dir)
   4          {
   5   1        u8 temp=step;
   6   1        
   7   1        if(dir==0) temp=7-step;
   8   1        
   9   1        switch(temp)
  10   1        {
  11   2          case 0: IN1_A=1;IN1_B=1;IN1_C=1;IN1_D=0;break;
  12   2          case 1: IN1_A=1;IN1_B=1;IN1_C=0;IN1_D=0;break;
  13   2          case 2: IN1_A=1;IN1_B=1;IN1_C=0;IN1_D=1;break;
  14   2          case 3: IN1_A=1;IN1_B=0;IN1_C=0;IN1_D=1;break;
  15   2          case 4: IN1_A=1;IN1_B=0;IN1_C=1;IN1_D=1;break;
  16   2          case 5: IN1_A=0;IN1_B=0;IN1_C=1;IN1_D=1;break;
  17   2          case 6: IN1_A=0;IN1_B=1;IN1_C=1;IN1_D=1;break;
  18   2          case 7: IN1_A=0;IN1_B=1;IN1_C=1;IN1_D=0;break;  
  19   2        }
  20   1      }


MODULE INFORMATION:   STATIC OVERLAYABLE
   CODE SIZE        =    103    ----
   CONSTANT SIZE    =   ----    ----
   XDATA SIZE       =   ----    ----
   PDATA SIZE       =   ----    ----
   DATA SIZE        =   ----    ----
   IDATA SIZE       =   ----    ----
   BIT SIZE         =   ----    ----
END OF MODULE INFORMATION.


C51 COMPILATION COMPLETE.  0 WARNING(S),  0 ERROR(S)
